#
# There is insufficient memory for the Java Runtime Environment to continue.
# Native memory allocation (malloc) failed to allocate 79824 bytes for Chunk::new
# Possible reasons:
#   The system is out of physical RAM or swap space
#   In 32 bit mode, the process size limit was hit
# Possible solutions:
#   Reduce memory load on the system
#   Increase physical memory or swap space
#   Check if swap backing store is full
#   Use 64 bit Java on a 64 bit OS
#   Decrease Java heap size (-Xmx/-Xms)
#   Decrease number of Java threads
#   Decrease Java thread stack sizes (-Xss)
#   Set larger code cache with -XX:ReservedCodeCacheSize=
# This output file may be truncated or incomplete.
#
#  Out of Memory Error (allocation.cpp:390), pid=5924, tid=0x0000000000001458
#
# JRE version: Java(TM) SE Runtime Environment (8.0_121-b13) (build 1.8.0_121-b13)
# Java VM: Java HotSpot(TM) 64-Bit Server VM (25.121-b13 mixed mode windows-amd64 compressed oops)
# Failed to write core dump. Minidumps are not enabled by default on client versions of Windows
#

---------------  T H R E A D  ---------------

Current thread (0x00000000148af000):  JavaThread "C2 CompilerThread0" daemon [_thread_in_native, id=5208, stack(0x00000000158e0000,0x00000000159e0000)]

Stack: [0x00000000158e0000,0x00000000159e0000]
[error occurred during error reporting (printing stack bounds), id 0xc0000005]

Native frames: (J=compiled Java code, j=interpreted, Vv=VM code, C=native code)


Current CompileTask:
C2:  14340 1216       4       sun.misc.ProxyGenerator$ConstantPool::getValue (91 bytes)


---------------  P R O C E S S  ---------------

Java Threads: ( => current thread )
  0x0000000014915800 JavaThread "Service Thread" daemon [_thread_blocked, id=4348, stack(0x0000000015ae0000,0x0000000015be0000)]
  0x00000000148ec000 JavaThread "C1 CompilerThread1" daemon [_thread_blocked, id=5100, stack(0x00000000159e0000,0x0000000015ae0000)]
=>0x00000000148af000 JavaThread "C2 CompilerThread0" daemon [_thread_in_native, id=5208, stack(0x00000000158e0000,0x00000000159e0000)]
  0x00000000148aa800 JavaThread "Attach Listener" daemon [_thread_blocked, id=5148, stack(0x00000000157e0000,0x00000000158e0000)]
  0x00000000148a5000 JavaThread "Signal Dispatcher" daemon [_thread_blocked, id=868, stack(0x00000000156e0000,0x00000000157e0000)]
  0x0000000014898800 JavaThread "Finalizer" daemon [_thread_blocked, id=1052, stack(0x00000000154f0000,0x00000000155f0000)]
  0x000000000245d000 JavaThread "Reference Handler" daemon [_thread_blocked, id=5468, stack(0x00000000153f0000,0x00000000154f0000)]
  0x000000000232e000 JavaThread "main" [_thread_in_vm, id=6080, stack(0x00000000021e0000,0x00000000022e0000)]

Other Threads:
  0x0000000014875800 VMThread [stack: 0x00000000152f0000,0x00000000153f0000] [id=3912]
  0x0000000014943800 WatcherThread [stack: 0x0000000015be0000,0x0000000015ce0000] [id=4068]

VM state:not at safepoint (normal execution)

VM Mutex/Monitor currently owned by a thread: None

Heap:
 PSYoungGen      total 18944K, used 18916K [0x00000000ead80000, 0x00000000ec280000, 0x0000000100000000)
  eden space 16384K, 100% used [0x00000000ead80000,0x00000000ebd80000,0x00000000ebd80000)
  from space 2560K, 98% used [0x00000000ebd80000,0x00000000ebff9040,0x00000000ec000000)
  to   space 2560K, 0% used [0x00000000ec000000,0x00000000ec000000,0x00000000ec280000)
 ParOldGen       total 44032K, used 2676K [0x00000000c0800000, 0x00000000c3300000, 0x00000000ead80000)
  object space 44032K, 6% used [0x00000000c0800000,0x00000000c0a9d030,0x00000000c3300000)
 Metaspace       used 11943K, capacity 12186K, committed 12416K, reserved 1060864K
  class space    used 1509K, capacity 1609K, committed 1664K, reserved 1048576K

Card table byte_map: [0x0000000011830000,0x0000000011a30000] byte_map_base: 0x000000001122c000

Marking Bits: (ParMarkBitMap*) 0x000000005716b6d0
 Begin Bits: [0x0000000011d90000, 0x0000000012d70000)
 End Bits:   [0x0000000012d70000, 0x0000000013d50000)

Polling page: 0x0000000000a70000

CodeCache: size=245760Kb used=4596Kb max_used=4596Kb free=241163Kb
 bounds [0x0000000002470000, 0x00000000028f0000, 0x0000000011470000]
 total_blobs=1528 nmethods=1222 adapters=220
 compilation: enabled

Compilation events (10 events):
Event: 14.281 Thread 0x00000000148ec000 1212       3       com.google.common.collect.SingletonImmutableList::copyIntoArray (11 bytes)
Event: 14.281 Thread 0x00000000148ec000 nmethod 1212 0x00000000028e1e10 code [0x00000000028e1f80, 0x00000000028e2230]
Event: 14.284 Thread 0x00000000148ec000 1213       3       com.google.inject.internal.ProvisionListenerStackCallback::<init> (56 bytes)
Event: 14.286 Thread 0x00000000148ec000 nmethod 1213 0x00000000028e2350 code [0x00000000028e2600, 0x00000000028e37d8]
Event: 14.287 Thread 0x00000000148ec000 1214       3       com.google.inject.internal.InjectorImpl::index (18 bytes)
Event: 14.288 Thread 0x00000000148ec000 nmethod 1214 0x00000000028e4250 code [0x00000000028e43c0, 0x00000000028e46c8]
Event: 14.289 Thread 0x00000000148ec000 1215       3       java.lang.Enum::equals (11 bytes)
Event: 14.289 Thread 0x00000000148ec000 nmethod 1215 0x00000000028e4810 code [0x00000000028e4960, 0x00000000028e4b10]
Event: 14.291 Thread 0x00000000148af000 1216       4       sun.misc.ProxyGenerator$ConstantPool::getValue (91 bytes)
Event: 14.313 Thread 0x00000000148ec000 1217   !   3       com.google.inject.spi.InjectionPoint::forConstructorOf (243 bytes)

GC Heap History (6 events):
Event: 8.048 GC heap before
{Heap before GC invocations=1 (full 0):
 PSYoungGen      total 18944K, used 16384K [0x00000000ead80000, 0x00000000ec280000, 0x0000000100000000)
  eden space 16384K, 100% used [0x00000000ead80000,0x00000000ebd80000,0x00000000ebd80000)
  from space 2560K, 0% used [0x00000000ec000000,0x00000000ec000000,0x00000000ec280000)
  to   space 2560K, 0% used [0x00000000ebd80000,0x00000000ebd80000,0x00000000ec000000)
 ParOldGen       total 44032K, used 0K [0x00000000c0800000, 0x00000000c3300000, 0x00000000ead80000)
  object space 44032K, 0% used [0x00000000c0800000,0x00000000c0800000,0x00000000c3300000)
 Metaspace       used 6711K, capacity 6920K, committed 7040K, reserved 1056768K
  class space    used 795K, capacity 860K, committed 896K, reserved 1048576K
Event: 8.112 GC heap after
Heap after GC invocations=1 (full 0):
 PSYoungGen      total 18944K, used 2532K [0x00000000ead80000, 0x00000000ec280000, 0x0000000100000000)
  eden space 16384K, 0% used [0x00000000ead80000,0x00000000ead80000,0x00000000ebd80000)
  from space 2560K, 98% used [0x00000000ebd80000,0x00000000ebff91c8,0x00000000ec000000)
  to   space 2560K, 0% used [0x00000000ec000000,0x00000000ec000000,0x00000000ec280000)
 ParOldGen       total 44032K, used 727K [0x00000000c0800000, 0x00000000c3300000, 0x00000000ead80000)
  object space 44032K, 1% used [0x00000000c0800000,0x00000000c08b5c18,0x00000000c3300000)
 Metaspace       used 6711K, capacity 6920K, committed 7040K, reserved 1056768K
  class space    used 795K, capacity 860K, committed 896K, reserved 1048576K
}
Event: 10.049 GC heap before
{Heap before GC invocations=2 (full 0):
 PSYoungGen      total 18944K, used 18916K [0x00000000ead80000, 0x00000000ec280000, 0x0000000100000000)
  eden space 16384K, 100% used [0x00000000ead80000,0x00000000ebd80000,0x00000000ebd80000)
  from space 2560K, 98% used [0x00000000ebd80000,0x00000000ebff91c8,0x00000000ec000000)
  to   space 2560K, 0% used [0x00000000ec000000,0x00000000ec000000,0x00000000ec280000)
 ParOldGen       total 44032K, used 727K [0x00000000c0800000, 0x00000000c3300000, 0x00000000ead80000)
  object space 44032K, 1% used [0x00000000c0800000,0x00000000c08b5c18,0x00000000c3300000)
 Metaspace       used 7909K, capacity 8072K, committed 8320K, reserved 1056768K
  class space    used 993K, capacity 1052K, committed 1152K, reserved 1048576K
Event: 10.061 GC heap after
Heap after GC invocations=2 (full 0):
 PSYoungGen      total 18944K, used 2537K [0x00000000ead80000, 0x00000000ec280000, 0x0000000100000000)
  eden space 16384K, 0% used [0x00000000ead80000,0x00000000ead80000,0x00000000ebd80000)
  from space 2560K, 99% used [0x00000000ec000000,0x00000000ec27a450,0x00000000ec280000)
  to   space 2560K, 0% used [0x00000000ebd80000,0x00000000ebd80000,0x00000000ec000000)
 ParOldGen       total 44032K, used 832K [0x00000000c0800000, 0x00000000c3300000, 0x00000000ead80000)
  object space 44032K, 1% used [0x00000000c0800000,0x00000000c08d02c0,0x00000000c3300000)
 Metaspace       used 7909K, capacity 8072K, committed 8320K, reserved 1056768K
  class space    used 993K, capacity 1052K, committed 1152K, reserved 1048576K
}
Event: 12.471 GC heap before
{Heap before GC invocations=3 (full 0):
 PSYoungGen      total 18944K, used 18921K [0x00000000ead80000, 0x00000000ec280000, 0x0000000100000000)
  eden space 16384K, 100% used [0x00000000ead80000,0x00000000ebd80000,0x00000000ebd80000)
  from space 2560K, 99% used [0x00000000ec000000,0x00000000ec27a450,0x00000000ec280000)
  to   space 2560K, 0% used [0x00000000ebd80000,0x00000000ebd80000,0x00000000ec000000)
 ParOldGen       total 44032K, used 832K [0x00000000c0800000, 0x00000000c3300000, 0x00000000ead80000)
  object space 44032K, 1% used [0x00000000c0800000,0x00000000c08d02c0,0x00000000c3300000)
 Metaspace       used 9884K, capacity 10086K, committed 10368K, reserved 1058816K
  class space    used 1234K, capacity 1319K, committed 1408K, reserved 1048576K
Event: 12.487 GC heap after
Heap after GC invocations=3 (full 0):
 PSYoungGen      total 18944K, used 2532K [0x00000000ead80000, 0x00000000ec280000, 0x0000000100000000)
  eden space 16384K, 0% used [0x00000000ead80000,0x00000000ead80000,0x00000000ebd80000)
  from space 2560K, 98% used [0x00000000ebd80000,0x00000000ebff9040,0x00000000ec000000)
  to   space 2560K, 0% used [0x00000000ec000000,0x00000000ec000000,0x00000000ec280000)
 ParOldGen       total 44032K, used 2676K [0x00000000c0800000, 0x00000000c3300000, 0x00000000ead80000)
  object space 44032K, 6% used [0x00000000c0800000,0x00000000c0a9d030,0x00000000c3300000)
 Metaspace       used 9884K, capacity 10086K, committed 10368K, reserved 1058816K
  class space    used 1234K, capacity 1319K, committed 1408K, reserved 1048576K
}

Deoptimization events (10 events):
Event: 7.451 Thread 0x000000000232e000 Uncommon trap: reason=unstable_if action=reinterpret pc=0x00000000025e0a20 method=java.lang.String.indexOf([CII[CIII)I @ 3
Event: 8.974 Thread 0x000000000232e000 Uncommon trap: reason=unstable_if action=reinterpret pc=0x00000000026f5bc0 method=java.nio.charset.CoderResult.isOverflow()Z @ 5
Event: 9.466 Thread 0x000000000232e000 Uncommon trap: reason=unstable_if action=reinterpret pc=0x00000000027154e4 method=sun.nio.cs.StreamDecoder.implRead([CII)I @ 197
Event: 9.467 Thread 0x000000000232e000 Uncommon trap: reason=unstable_if action=reinterpret pc=0x000000000270e0a4 method=java.io.Reader.read()I @ 12
Event: 9.471 Thread 0x000000000232e000 Uncommon trap: reason=unstable_if action=reinterpret pc=0x000000000272ecb0 method=org.codehaus.plexus.util.xml.pull.MXParser.nextImpl()I @ 241
Event: 9.475 Thread 0x000000000232e000 Uncommon trap: reason=unstable_if action=reinterpret pc=0x00000000027222e4 method=java.nio.charset.CharsetDecoder.decode(Ljava/nio/ByteBuffer;Ljava/nio/CharBuffer;Z)Ljava/nio/charset/CoderResult; @ 15
Event: 9.489 Thread 0x000000000232e000 Uncommon trap: reason=unstable_if action=reinterpret pc=0x000000000271ccb8 method=java.io.Reader.read()I @ 12
Event: 9.980 Thread 0x000000000232e000 Uncommon trap: reason=range_check action=make_not_entrant pc=0x00000000026cbea0 method=sun.reflect.generics.parser.SignatureParser.current()C @ 34
Event: 10.365 Thread 0x000000000232e000 Uncommon trap: reason=unstable_if action=reinterpret pc=0x00000000026cbaa4 method=java.util.HashMap.getNode(ILjava/lang/Object;)Ljava/util/HashMap$Node; @ 129
Event: 10.438 Thread 0x000000000232e000 Uncommon trap: reason=unstable_if action=reinterpret pc=0x000000000275f840 method=java.util.HashMap.getNode(ILjava/lang/Object;)Ljava/util/HashMap$Node; @ 129

Internal exceptions (10 events):
Event: 8.760 Thread 0x000000000232e000 Exception <a 'java/lang/ArrayIndexOutOfBoundsException'> (0x00000000eb11c530) thrown at [C:\re\workspace\8-2-build-windows-amd64-cygwin\jdk8u121\8372\hotspot\src\share\vm\runtime\sharedRuntime.cpp, line 605]
Event: 8.760 Thread 0x000000000232e000 Exception <a 'java/lang/ArrayIndexOutOfBoundsException'> (0x00000000eb11d3a0) thrown at [C:\re\workspace\8-2-build-windows-amd64-cygwin\jdk8u121\8372\hotspot\src\share\vm\runtime\sharedRuntime.cpp, line 605]
Event: 8.761 Thread 0x000000000232e000 Exception <a 'java/lang/ArrayIndexOutOfBoundsException'> (0x00000000eb11f4f8) thrown at [C:\re\workspace\8-2-build-windows-amd64-cygwin\jdk8u121\8372\hotspot\src\share\vm\runtime\sharedRuntime.cpp, line 605]
Event: 8.761 Thread 0x000000000232e000 Exception <a 'java/lang/ArrayIndexOutOfBoundsException'> (0x00000000eb120a50) thrown at [C:\re\workspace\8-2-build-windows-amd64-cygwin\jdk8u121\8372\hotspot\src\share\vm\runtime\sharedRuntime.cpp, line 605]
Event: 8.762 Thread 0x000000000232e000 Exception <a 'java/lang/ArrayIndexOutOfBoundsException'> (0x00000000eb1222d0) thrown at [C:\re\workspace\8-2-build-windows-amd64-cygwin\jdk8u121\8372\hotspot\src\share\vm\runtime\sharedRuntime.cpp, line 605]
Event: 8.762 Thread 0x000000000232e000 Exception <a 'java/lang/ArrayIndexOutOfBoundsException'> (0x00000000eb123f60) thrown at [C:\re\workspace\8-2-build-windows-amd64-cygwin\jdk8u121\8372\hotspot\src\share\vm\runtime\sharedRuntime.cpp, line 605]
Event: 8.764 Thread 0x000000000232e000 Exception <a 'java/lang/ArrayIndexOutOfBoundsException'> (0x00000000eb1255b8) thrown at [C:\re\workspace\8-2-build-windows-amd64-cygwin\jdk8u121\8372\hotspot\src\share\vm\runtime\sharedRuntime.cpp, line 605]
Event: 8.764 Thread 0x000000000232e000 Exception <a 'java/lang/ArrayIndexOutOfBoundsException'> (0x00000000eb1262c0) thrown at [C:\re\workspace\8-2-build-windows-amd64-cygwin\jdk8u121\8372\hotspot\src\share\vm\runtime\sharedRuntime.cpp, line 605]
Event: 9.980 Thread 0x000000000232e000 Exception <a 'java/lang/ArrayIndexOutOfBoundsException': 73> (0x00000000ebd2de60) thrown at [C:\re\workspace\8-2-build-windows-amd64-cygwin\jdk8u121\8372\hotspot\src\share\vm\interpreter\interpreterRuntime.cpp, line 366]
Event: 9.981 Thread 0x000000000232e000 Exception <a 'java/lang/ArrayIndexOutOfBoundsException': 131> (0x00000000ebd2f808) thrown at [C:\re\workspace\8-2-build-windows-amd64-cygwin\jdk8u121\8372\hotspot\src\share\vm\interpreter\interpreterRuntime.cpp, line 366]

Events (10 events):
Event: 14.212 loading class com/google/inject/internal/SingleParameterInjector
Event: 14.212 loading class com/google/inject/internal/SingleParameterInjector done
Event: 14.218 loading class com/google/inject/internal/InjectorImpl$JitLimitation
Event: 14.219 loading class com/google/inject/internal/InjectorImpl$JitLimitation done
Event: 14.222 loading class com/google/inject/internal/SingleFieldInjector
Event: 14.222 loading class com/google/inject/internal/SingleFieldInjector done
Event: 14.260 loading class com/google/inject/internal/InjectorImpl$2
Event: 14.260 loading class com/google/inject/internal/InjectorImpl$2 done
Event: 14.262 loading class com/google/inject/internal/InjectorImpl$ProviderBindingImpl$1
Event: 14.262 loading class com/google/inject/internal/InjectorImpl$ProviderBindingImpl$1 done


Dynamic libraries:
0x00007ff775a20000 - 0x00007ff775a57000 	C:\Program Files\Java\jdk1.8.0_121\bin\javaw.exe
0x00007ffeadda0000 - 0x00007ffeadf4d000 	C:\WINDOWS\SYSTEM32\ntdll.dll
0x00007ffeabb60000 - 0x00007ffeabc9e000 	C:\WINDOWS\system32\KERNEL32.DLL
0x00007ffeab040000 - 0x00007ffeab155000 	C:\WINDOWS\system32\KERNELBASE.dll
0x00007ffea9a90000 - 0x00007ffea9b1e000 	C:\WINDOWS\system32\apphelp.dll
0x00007ffea3b60000 - 0x00007ffea3bb3000 	C:\WINDOWS\AppPatch\AppPatch64\AcGenral.DLL
0x00007ffead8f0000 - 0x00007ffead99a000 	C:\WINDOWS\system32\msvcrt.dll
0x00007ffeab160000 - 0x00007ffeab18e000 	C:\WINDOWS\system32\SspiCli.dll
0x00007ffeabe00000 - 0x00007ffeabe54000 	C:\WINDOWS\system32\SHLWAPI.dll
0x00007ffeab480000 - 0x00007ffeab5f7000 	C:\WINDOWS\system32\USER32.dll
0x00007ffeab830000 - 0x00007ffeab9c4000 	C:\WINDOWS\system32\ole32.dll
0x00007ffeabfb0000 - 0x00007ffead4d8000 	C:\WINDOWS\system32\SHELL32.dll
0x00007ffeaa6f0000 - 0x00007ffeaa711000 	C:\WINDOWS\SYSTEM32\USERENV.dll
0x00007ffead6d0000 - 0x00007ffead77a000 	C:\WINDOWS\system32\ADVAPI32.dll
0x00007ffe9e360000 - 0x00007ffe9e37e000 	C:\WINDOWS\SYSTEM32\MPR.dll
0x00007ffeabcb0000 - 0x00007ffeabdf0000 	C:\WINDOWS\system32\RPCRT4.dll
0x00007ffead670000 - 0x00007ffead6c9000 	C:\WINDOWS\SYSTEM32\sechost.dll
0x00007ffeab610000 - 0x00007ffeab821000 	C:\WINDOWS\SYSTEM32\combase.dll
0x00007ffeabe60000 - 0x00007ffeabfaf000 	C:\WINDOWS\system32\GDI32.dll
0x00007ffeaaec0000 - 0x00007ffeaaed5000 	C:\WINDOWS\SYSTEM32\profapi.dll
0x00007ffea9460000 - 0x00007ffea9512000 	C:\WINDOWS\SYSTEM32\SHCORE.dll
0x00007ffeadd40000 - 0x00007ffeadd76000 	C:\WINDOWS\system32\IMM32.DLL
0x00007ffead780000 - 0x00007ffead8d2000 	C:\WINDOWS\system32\MSCTF.dll
0x00007ffea8fe0000 - 0x00007ffea925b000 	C:\WINDOWS\WinSxS\amd64_microsoft.windows.common-controls_6595b64144ccf1df_6.0.9600.18006_none_623f33d3ecbe86e8\COMCTL32.dll
0x0000000057b70000 - 0x0000000057c42000 	C:\Program Files\Java\jdk1.8.0_121\jre\bin\msvcr100.dll
0x0000000056950000 - 0x00000000571eb000 	C:\Program Files\Java\jdk1.8.0_121\jre\bin\server\jvm.dll
0x00007ffe9e640000 - 0x00007ffe9e649000 	C:\WINDOWS\SYSTEM32\WSOCK32.dll
0x00007ffea1640000 - 0x00007ffea1662000 	C:\WINDOWS\SYSTEM32\WINMM.dll
0x00007ffea1630000 - 0x00007ffea163a000 	C:\WINDOWS\SYSTEM32\VERSION.dll
0x00007ffeabca0000 - 0x00007ffeabca7000 	C:\WINDOWS\system32\PSAPI.DLL
0x00007ffeab420000 - 0x00007ffeab47a000 	C:\WINDOWS\system32\WS2_32.dll
0x00007ffea15f0000 - 0x00007ffea161a000 	C:\WINDOWS\SYSTEM32\WINMMBASE.dll
0x00007ffeab600000 - 0x00007ffeab609000 	C:\WINDOWS\system32\NSI.dll
0x00007ffeab190000 - 0x00007ffeab1df000 	C:\WINDOWS\SYSTEM32\cfgmgr32.dll
0x00007ffea9cf0000 - 0x00007ffea9d18000 	C:\WINDOWS\SYSTEM32\DEVOBJ.dll
0x0000000057b60000 - 0x0000000057b6f000 	C:\Program Files\Java\jdk1.8.0_121\jre\bin\verify.dll
0x0000000057b30000 - 0x0000000057b59000 	C:\Program Files\Java\jdk1.8.0_121\jre\bin\java.dll
0x0000000057b10000 - 0x0000000057b26000 	C:\Program Files\Java\jdk1.8.0_121\jre\bin\zip.dll

VM Arguments:
jvm_args: -Dmaven.home=EMBEDDED -Dclassworlds.conf=C:\Users\Giuliane\workspace\.metadata\.plugins\org.eclipse.m2e.launching\launches\m2conf2574061557463969964.tmp -Dmaven.multiModuleProjectDirectory=C:\Users\Giuliane\workspace\semaphore\semaphore-service -Dfile.encoding=Cp1252 
java_command: org.codehaus.plexus.classworlds.launcher.Launcher -B clean install
java_class_path (initial): /C:/Users/Giuliane/Downloads/eclipse/plugins/org.eclipse.m2e.maven.runtime_1.7.0.20160603-1931/jars/plexus-classworlds-2.5.2.jar
Launcher Type: SUN_STANDARD

Environment Variables:
JAVA_HOME=C:\Program Files\Java\jdk1.8.0_121\jre
PATH=C:/Program Files/Java/jre1.8.0_121/bin/server;C:/Program Files/Java/jre1.8.0_121/bin;C:/Program Files/Java/jre1.8.0_121/lib/amd64;C:\ProgramData\Oracle\Java\javapath;C:\WINDOWS\system32;C:\WINDOWS;C:\WINDOWS\System32\Wbem;C:\WINDOWS\System32\WindowsPowerShell\v1.0\;C:\Program Files (x86)\Microsoft ASP.NET\ASP.NET Web Pages\v1.0\;C:\Program Files (x86)\Windows Kits\8.0\Windows Performance Toolkit\;C:\Program Files\Microsoft SQL Server\110\Tools\Binn\;C:\Program Files\Microsoft\Web Platform Installer\;C:\Program Files\Internet Explorer;C:\Program Files (x86)\Microsoft SQL Server\110\Tools\Binn\;C:\Program Files\Microsoft SQL Server\110\DTS\Binn\;C:\Program Files (x86)\Microsoft SQL Server\110\Tools\Binn\ManagementStudio\;C:\Program Files (x86)\Microsoft SQL Server\110\DTS\Binn\;C:\Program Files (x86)\Microsoft SDKs\TypeScript\1.0\;C:\Program Files\nodejs\;C:\Program Files (x86)\Skype\Phone\;C:\Program Files\Apache\apache-maven-3.3.9\bin;%JAVA_HOME%\bin;C:\Program Files (x86)\IDM Computer Solutions\UltraEdit\;C:\Users\Giuliane\AppData\Roaming\npm;C:\Users\Giuliane\Downloads\eclipse;
USERNAME=Giuliane
OS=Windows_NT
PROCESSOR_IDENTIFIER=Intel64 Family 6 Model 23 Stepping 10, GenuineIntel



---------------  S Y S T E M  ---------------

OS: Windows 8.1 , 64 bit Build 9600 (6.3.9600.17415)

CPU:total 2 (2 cores per cpu, 1 threads per core) family 6 model 23 stepping 10, cmov, cx8, fxsr, mmx, sse, sse2, sse3, ssse3, tsc

Memory: 4k page, physical 4155760k(419552k free), swap 4155760k(4732k free)

vm_info: Java HotSpot(TM) 64-Bit Server VM (25.121-b13) for windows-amd64 JRE (1.8.0_121-b13), built on Dec 12 2016 18:21:36 by "java_re" with MS VC++ 10.0 (VS2010)

time: Sat Mar 04 22:28:26 2017
elapsed time: 14 seconds (0d 0h 0m 14s)

