#
# There is insufficient memory for the Java Runtime Environment to continue.
# Native memory allocation (malloc) failed to allocate 408976 bytes for Chunk::new
# Possible reasons:
#   The system is out of physical RAM or swap space
#   In 32 bit mode, the process size limit was hit
# Possible solutions:
#   Reduce memory load on the system
#   Increase physical memory or swap space
#   Check if swap backing store is full
#   Use 64 bit Java on a 64 bit OS
#   Decrease Java heap size (-Xmx/-Xms)
#   Decrease number of Java threads
#   Decrease Java thread stack sizes (-Xss)
#   Set larger code cache with -XX:ReservedCodeCacheSize=
# This output file may be truncated or incomplete.
#
#  Out of Memory Error (allocation.cpp:390), pid=4892, tid=0x00000000000010e0
#
# JRE version: Java(TM) SE Runtime Environment (8.0_121-b13) (build 1.8.0_121-b13)
# Java VM: Java HotSpot(TM) 64-Bit Server VM (25.121-b13 mixed mode windows-amd64 compressed oops)
# Failed to write core dump. Minidumps are not enabled by default on client versions of Windows
#

---------------  T H R E A D  ---------------

Current thread (0x000000001447b800):  JavaThread "C2 CompilerThread0" daemon [_thread_in_native, id=4320, stack(0x00000000154b0000,0x00000000155b0000)]

Stack: [0x00000000154b0000,0x00000000155b0000]
[error occurred during error reporting (printing stack bounds), id 0xc0000005]

Native frames: (J=compiled Java code, j=interpreted, Vv=VM code, C=native code)


Current CompileTask:
C2:   8422 1557   !   4       java.net.URL::<init> (543 bytes)


---------------  P R O C E S S  ---------------

Java Threads: ( => current thread )
  0x00000000144db000 JavaThread "Service Thread" daemon [_thread_blocked, id=1040, stack(0x00000000156b0000,0x00000000157b0000)]
  0x00000000144d6800 JavaThread "C1 CompilerThread1" daemon [_thread_blocked, id=2884, stack(0x00000000155b0000,0x00000000156b0000)]
=>0x000000001447b800 JavaThread "C2 CompilerThread0" daemon [_thread_in_native, id=4320, stack(0x00000000154b0000,0x00000000155b0000)]
  0x000000001447a800 JavaThread "Attach Listener" daemon [_thread_blocked, id=4640, stack(0x00000000153b0000,0x00000000154b0000)]
  0x0000000014475000 JavaThread "Signal Dispatcher" daemon [_thread_blocked, id=3020, stack(0x00000000152b0000,0x00000000153b0000)]
  0x0000000014468800 JavaThread "Finalizer" daemon [_thread_blocked, id=4616, stack(0x00000000150c0000,0x00000000151c0000)]
  0x000000000202d000 JavaThread "Reference Handler" daemon [_thread_blocked, id=4128, stack(0x0000000014fc0000,0x00000000150c0000)]
  0x0000000001e3e000 JavaThread "main" [_thread_in_vm, id=4664, stack(0x0000000001e40000,0x0000000001f40000)]

Other Threads:
  0x0000000014445800 VMThread [stack: 0x0000000014ec0000,0x0000000014fc0000] [id=552]
  0x00000000144e9000 WatcherThread [stack: 0x00000000157b0000,0x00000000158b0000] [id=2252]

VM state:not at safepoint (normal execution)

VM Mutex/Monitor currently owned by a thread: None

Heap:
 PSYoungGen      total 18944K, used 12004K [0x00000000ead80000, 0x00000000ed280000, 0x0000000100000000)
  eden space 16384K, 57% used [0x00000000ead80000,0x00000000eb6c1228,0x00000000ebd80000)
  from space 2560K, 98% used [0x00000000ec000000,0x00000000ec278040,0x00000000ec280000)
  to   space 2560K, 0% used [0x00000000ebd80000,0x00000000ebd80000,0x00000000ec000000)
 ParOldGen       total 44032K, used 5246K [0x00000000c0800000, 0x00000000c3300000, 0x00000000ead80000)
  object space 44032K, 11% used [0x00000000c0800000,0x00000000c0d1f918,0x00000000c3300000)
 Metaspace       used 13438K, capacity 13622K, committed 13824K, reserved 1060864K
  class space    used 1686K, capacity 1779K, committed 1792K, reserved 1048576K

Card table byte_map: [0x0000000011400000,0x0000000011600000] byte_map_base: 0x0000000010dfc000

Marking Bits: (ParMarkBitMap*) 0x000000005ba7b6d0
 Begin Bits: [0x0000000011960000, 0x0000000012940000)
 End Bits:   [0x0000000012940000, 0x0000000013920000)

Polling page: 0x0000000000590000

CodeCache: size=245760Kb used=5533Kb max_used=5533Kb free=240226Kb
 bounds [0x0000000002040000, 0x00000000025b0000, 0x0000000011040000]
 total_blobs=1884 nmethods=1559 adapters=239
 compilation: enabled

Compilation events (10 events):
Event: 8.073 Thread 0x00000000144d6800 nmethod 1555 0x00000000025a6c90 code [0x00000000025a6e20, 0x00000000025a72a8]
Event: 8.074 Thread 0x00000000144d6800 1556       3       java.util.HashSet::<init> (16 bytes)
Event: 8.074 Thread 0x00000000144d6800 nmethod 1556 0x00000000025a6510 code [0x00000000025a66a0, 0x00000000025a6ab0]
Event: 8.119 Thread 0x000000001447b800 1557   !   4       java.net.URL::<init> (543 bytes)
Event: 8.223 Thread 0x00000000144d6800 1561       3       java.net.URL::openConnection (9 bytes)
Event: 8.224 Thread 0x00000000144d6800 nmethod 1561 0x00000000025a5d10 code [0x00000000025a5e80, 0x00000000025a60a8]
Event: 8.224 Thread 0x00000000144d6800 1562       3       java.net.URLConnection::<init> (44 bytes)
Event: 8.224 Thread 0x00000000144d6800 nmethod 1562 0x00000000025a58d0 code [0x00000000025a5a40, 0x00000000025a5c50]
Event: 8.364 Thread 0x00000000144d6800 1563       3       java.util.regex.Pattern::next (33 bytes)
Event: 8.364 Thread 0x00000000144d6800 nmethod 1563 0x00000000025aa510 code [0x00000000025aa680, 0x00000000025aa948]

GC Heap History (8 events):
Event: 2.746 GC heap before
{Heap before GC invocations=1 (full 0):
 PSYoungGen      total 18944K, used 16384K [0x00000000ead80000, 0x00000000ec280000, 0x0000000100000000)
  eden space 16384K, 100% used [0x00000000ead80000,0x00000000ebd80000,0x00000000ebd80000)
  from space 2560K, 0% used [0x00000000ec000000,0x00000000ec000000,0x00000000ec280000)
  to   space 2560K, 0% used [0x00000000ebd80000,0x00000000ebd80000,0x00000000ec000000)
 ParOldGen       total 44032K, used 0K [0x00000000c0800000, 0x00000000c3300000, 0x00000000ead80000)
  object space 44032K, 0% used [0x00000000c0800000,0x00000000c0800000,0x00000000c3300000)
 Metaspace       used 6716K, capacity 6920K, committed 7040K, reserved 1056768K
  class space    used 795K, capacity 860K, committed 896K, reserved 1048576K
Event: 2.759 GC heap after
Heap after GC invocations=1 (full 0):
 PSYoungGen      total 18944K, used 2533K [0x00000000ead80000, 0x00000000ec280000, 0x0000000100000000)
  eden space 16384K, 0% used [0x00000000ead80000,0x00000000ead80000,0x00000000ebd80000)
  from space 2560K, 98% used [0x00000000ebd80000,0x00000000ebff96e8,0x00000000ec000000)
  to   space 2560K, 0% used [0x00000000ec000000,0x00000000ec000000,0x00000000ec280000)
 ParOldGen       total 44032K, used 694K [0x00000000c0800000, 0x00000000c3300000, 0x00000000ead80000)
  object space 44032K, 1% used [0x00000000c0800000,0x00000000c08adb58,0x00000000c3300000)
 Metaspace       used 6716K, capacity 6920K, committed 7040K, reserved 1056768K
  class space    used 795K, capacity 860K, committed 896K, reserved 1048576K
}
Event: 4.063 GC heap before
{Heap before GC invocations=2 (full 0):
 PSYoungGen      total 18944K, used 18917K [0x00000000ead80000, 0x00000000ec280000, 0x0000000100000000)
  eden space 16384K, 100% used [0x00000000ead80000,0x00000000ebd80000,0x00000000ebd80000)
  from space 2560K, 98% used [0x00000000ebd80000,0x00000000ebff96e8,0x00000000ec000000)
  to   space 2560K, 0% used [0x00000000ec000000,0x00000000ec000000,0x00000000ec280000)
 ParOldGen       total 44032K, used 694K [0x00000000c0800000, 0x00000000c3300000, 0x00000000ead80000)
  object space 44032K, 1% used [0x00000000c0800000,0x00000000c08adb58,0x00000000c3300000)
 Metaspace       used 7879K, capacity 8072K, committed 8320K, reserved 1056768K
  class space    used 990K, capacity 1052K, committed 1152K, reserved 1048576K
Event: 4.087 GC heap after
Heap after GC invocations=2 (full 0):
 PSYoungGen      total 18944K, used 2537K [0x00000000ead80000, 0x00000000ed280000, 0x0000000100000000)
  eden space 16384K, 0% used [0x00000000ead80000,0x00000000ead80000,0x00000000ebd80000)
  from space 2560K, 99% used [0x00000000ec000000,0x00000000ec27a450,0x00000000ec280000)
  to   space 2560K, 0% used [0x00000000ebd80000,0x00000000ebd80000,0x00000000ec000000)
 ParOldGen       total 44032K, used 743K [0x00000000c0800000, 0x00000000c3300000, 0x00000000ead80000)
  object space 44032K, 1% used [0x00000000c0800000,0x00000000c08b9e38,0x00000000c3300000)
 Metaspace       used 7879K, capacity 8072K, committed 8320K, reserved 1056768K
  class space    used 990K, capacity 1052K, committed 1152K, reserved 1048576K
}
Event: 5.513 GC heap before
{Heap before GC invocations=3 (full 0):
 PSYoungGen      total 18944K, used 18921K [0x00000000ead80000, 0x00000000ed280000, 0x0000000100000000)
  eden space 16384K, 100% used [0x00000000ead80000,0x00000000ebd80000,0x00000000ebd80000)
  from space 2560K, 99% used [0x00000000ec000000,0x00000000ec27a450,0x00000000ec280000)
  to   space 2560K, 0% used [0x00000000ebd80000,0x00000000ebd80000,0x00000000ec000000)
 ParOldGen       total 44032K, used 743K [0x00000000c0800000, 0x00000000c3300000, 0x00000000ead80000)
  object space 44032K, 1% used [0x00000000c0800000,0x00000000c08b9e38,0x00000000c3300000)
 Metaspace       used 9865K, capacity 10086K, committed 10368K, reserved 1058816K
  class space    used 1228K, capacity 1319K, committed 1408K, reserved 1048576K
Event: 5.523 GC heap after
Heap after GC invocations=3 (full 0):
 PSYoungGen      total 18944K, used 2533K [0x00000000ead80000, 0x00000000ec280000, 0x0000000100000000)
  eden space 16384K, 0% used [0x00000000ead80000,0x00000000ead80000,0x00000000ebd80000)
  from space 2560K, 98% used [0x00000000ebd80000,0x00000000ebff9730,0x00000000ec000000)
  to   space 2560K, 0% used [0x00000000ec000000,0x00000000ec000000,0x00000000ec280000)
 ParOldGen       total 44032K, used 2611K [0x00000000c0800000, 0x00000000c3300000, 0x00000000ead80000)
  object space 44032K, 5% used [0x00000000c0800000,0x00000000c0a8cf38,0x00000000c3300000)
 Metaspace       used 9865K, capacity 10086K, committed 10368K, reserved 1058816K
  class space    used 1228K, capacity 1319K, committed 1408K, reserved 1048576K
}
Event: 6.919 GC heap before
{Heap before GC invocations=4 (full 0):
 PSYoungGen      total 18944K, used 18917K [0x00000000ead80000, 0x00000000ec280000, 0x0000000100000000)
  eden space 16384K, 100% used [0x00000000ead80000,0x00000000ebd80000,0x00000000ebd80000)
  from space 2560K, 98% used [0x00000000ebd80000,0x00000000ebff9730,0x00000000ec000000)
  to   space 2560K, 0% used [0x00000000ec000000,0x00000000ec000000,0x00000000ec280000)
 ParOldGen       total 44032K, used 2611K [0x00000000c0800000, 0x00000000c3300000, 0x00000000ead80000)
  object space 44032K, 5% used [0x00000000c0800000,0x00000000c0a8cf38,0x00000000c3300000)
 Metaspace       used 11929K, capacity 12186K, committed 12416K, reserved 1060864K
  class space    used 1505K, capacity 1609K, committed 1664K, reserved 1048576K
Event: 6.986 GC heap after
Heap after GC invocations=4 (full 0):
 PSYoungGen      total 18944K, used 2528K [0x00000000ead80000, 0x00000000ed280000, 0x0000000100000000)
  eden space 16384K, 0% used [0x00000000ead80000,0x00000000ead80000,0x00000000ebd80000)
  from space 2560K, 98% used [0x00000000ec000000,0x00000000ec278040,0x00000000ec280000)
  to   space 2560K, 0% used [0x00000000ebd80000,0x00000000ebd80000,0x00000000ec000000)
 ParOldGen       total 44032K, used 5246K [0x00000000c0800000, 0x00000000c3300000, 0x00000000ead80000)
  object space 44032K, 11% used [0x00000000c0800000,0x00000000c0d1f918,0x00000000c3300000)
 Metaspace       used 11929K, capacity 12186K, committed 12416K, reserved 1060864K
  class space    used 1505K, capacity 1609K, committed 1664K, reserved 1048576K
}

Deoptimization events (10 events):
Event: 3.586 Thread 0x0000000001e3e000 Uncommon trap: reason=unstable_if action=reinterpret pc=0x00000000022e5e64 method=sun.nio.cs.StreamDecoder.implRead([CII)I @ 197
Event: 3.586 Thread 0x0000000001e3e000 Uncommon trap: reason=unstable_if action=reinterpret pc=0x00000000022f0024 method=java.io.Reader.read()I @ 12
Event: 3.590 Thread 0x0000000001e3e000 Uncommon trap: reason=unstable_if action=reinterpret pc=0x00000000022f2c64 method=java.nio.charset.CharsetDecoder.decode(Ljava/nio/ByteBuffer;Ljava/nio/CharBuffer;Z)Ljava/nio/charset/CoderResult; @ 15
Event: 3.600 Thread 0x0000000001e3e000 Uncommon trap: reason=unstable_if action=reinterpret pc=0x00000000022efaf8 method=java.io.Reader.read()I @ 12
Event: 3.693 Thread 0x0000000001e3e000 Uncommon trap: reason=unstable_if action=reinterpret pc=0x0000000002302e04 method=org.codehaus.plexus.util.xml.pull.MXParser.nextImpl()I @ 241
Event: 4.058 Thread 0x0000000001e3e000 Uncommon trap: reason=range_check action=make_not_entrant pc=0x0000000002297ea0 method=sun.reflect.generics.parser.SignatureParser.current()C @ 34
Event: 4.492 Thread 0x0000000001e3e000 Uncommon trap: reason=unstable_if action=reinterpret pc=0x0000000002299fa4 method=java.util.HashMap.getNode(ILjava/lang/Object;)Ljava/util/HashMap$Node; @ 129
Event: 4.679 Thread 0x0000000001e3e000 Uncommon trap: reason=unstable_if action=reinterpret pc=0x00000000023209c0 method=java.util.HashMap.getNode(ILjava/lang/Object;)Ljava/util/HashMap$Node; @ 129
Event: 7.224 Thread 0x0000000001e3e000 Uncommon trap: reason=unstable_if action=reinterpret pc=0x0000000002403004 method=java.util.concurrent.ConcurrentHashMap.putVal(Ljava/lang/Object;Ljava/lang/Object;Z)Ljava/lang/Object; @ 206
Event: 8.053 Thread 0x0000000001e3e000 Uncommon trap: reason=unstable_if action=reinterpret pc=0x00000000023257c4 method=org.codehaus.plexus.util.xml.pull.MXParser.parseStartTag()I @ 443

Internal exceptions (10 events):
Event: 4.058 Thread 0x0000000001e3e000 Exception <a 'java/lang/ArrayIndexOutOfBoundsException': 73> (0x00000000ebd2d6f8) thrown at [C:\re\workspace\8-2-build-windows-amd64-cygwin\jdk8u121\8372\hotspot\src\share\vm\interpreter\interpreterRuntime.cpp, line 366]
Event: 7.391 Thread 0x0000000001e3e000 Exception <a 'java/lang/NoClassDefFoundError': com/google/inject/servlet/ServletModuleTargetVisitor> (0x00000000eb029240) thrown at [C:\re\workspace\8-2-build-windows-amd64-cygwin\jdk8u121\8372\hotspot\src\share\vm\classfile\systemDictionary.cpp, line 199
Event: 7.391 Thread 0x0000000001e3e000 Exception <a 'java/lang/NoClassDefFoundError'> (0x00000000eb029240) thrown at [C:\re\workspace\8-2-build-windows-amd64-cygwin\jdk8u121\8372\hotspot\src\share\vm\prims\jvm.cpp, line 1394]
Event: 7.394 Thread 0x0000000001e3e000 Exception <a 'java/lang/NoClassDefFoundError': javax/annotation/Priority> (0x00000000eb02fee0) thrown at [C:\re\workspace\8-2-build-windows-amd64-cygwin\jdk8u121\8372\hotspot\src\share\vm\classfile\systemDictionary.cpp, line 199]
Event: 8.339 Thread 0x0000000001e3e000 Exception <a 'java/lang/NullPointerException'> (0x00000000eb5ff3d0) thrown at [C:\re\workspace\8-2-build-windows-amd64-cygwin\jdk8u121\8372\hotspot\src\share\vm\interpreter\linkResolver.cpp, line 1178]
Event: 8.339 Thread 0x0000000001e3e000 Exception <a 'java/lang/NullPointerException'> (0x00000000eb5ff5e8) thrown at [C:\re\workspace\8-2-build-windows-amd64-cygwin\jdk8u121\8372\hotspot\src\share\vm\interpreter\linkResolver.cpp, line 1178]
Event: 8.339 Thread 0x0000000001e3e000 Exception <a 'java/lang/NullPointerException'> (0x00000000eb5ff800) thrown at [C:\re\workspace\8-2-build-windows-amd64-cygwin\jdk8u121\8372\hotspot\src\share\vm\interpreter\linkResolver.cpp, line 1178]
Event: 8.344 Thread 0x0000000001e3e000 Exception <a 'java/lang/NullPointerException'> (0x00000000eb617708) thrown at [C:\re\workspace\8-2-build-windows-amd64-cygwin\jdk8u121\8372\hotspot\src\share\vm\interpreter\linkResolver.cpp, line 1178]
Event: 8.344 Thread 0x0000000001e3e000 Exception <a 'java/lang/NullPointerException'> (0x00000000eb617920) thrown at [C:\re\workspace\8-2-build-windows-amd64-cygwin\jdk8u121\8372\hotspot\src\share\vm\interpreter\linkResolver.cpp, line 1178]
Event: 8.344 Thread 0x0000000001e3e000 Exception <a 'java/lang/NullPointerException'> (0x00000000eb617b38) thrown at [C:\re\workspace\8-2-build-windows-amd64-cygwin\jdk8u121\8372\hotspot\src\share\vm\interpreter\linkResolver.cpp, line 1178]

Events (10 events):
Event: 8.365 loading class org/apache/maven/settings/RuntimeInfo
Event: 8.365 loading class org/apache/maven/settings/RuntimeInfo done
Event: 8.368 loading class org/apache/maven/AbstractMavenLifecycleParticipant
Event: 8.368 loading class org/apache/maven/AbstractMavenLifecycleParticipant done
Event: 8.369 loading class org/apache/maven/lifecycle/internal/DefaultExecutionEvent
Event: 8.369 loading class org/apache/maven/lifecycle/internal/DefaultExecutionEvent done
Event: 8.370 loading class org/apache/maven/lifecycle/internal/DefaultExecutionEventCatapult$1
Event: 8.370 loading class org/apache/maven/lifecycle/internal/DefaultExecutionEventCatapult$1 done
Event: 8.372 loading class org/apache/maven/project/DefaultProjectBuildingRequest
Event: 8.372 loading class org/apache/maven/project/DefaultProjectBuildingRequest done


Dynamic libraries:
0x00007ff7ad560000 - 0x00007ff7ad597000 	C:\Program Files\Java\jdk1.8.0_121\bin\javaw.exe
0x00007ff92f020000 - 0x00007ff92f1cd000 	C:\WINDOWS\SYSTEM32\ntdll.dll
0x00007ff92c6a0000 - 0x00007ff92c7de000 	C:\WINDOWS\system32\KERNEL32.DLL
0x00007ff92c470000 - 0x00007ff92c585000 	C:\WINDOWS\system32\KERNELBASE.dll
0x00007ff92ad10000 - 0x00007ff92ad9e000 	C:\WINDOWS\system32\apphelp.dll
0x00007ff91cc60000 - 0x00007ff91ccb3000 	C:\WINDOWS\AppPatch\AppPatch64\AcGenral.DLL
0x00007ff92e0a0000 - 0x00007ff92e14a000 	C:\WINDOWS\system32\msvcrt.dll
0x00007ff92c440000 - 0x00007ff92c46e000 	C:\WINDOWS\system32\SspiCli.dll
0x00007ff92de30000 - 0x00007ff92de84000 	C:\WINDOWS\system32\SHLWAPI.dll
0x00007ff92e6a0000 - 0x00007ff92e817000 	C:\WINDOWS\system32\USER32.dll
0x00007ff92e500000 - 0x00007ff92e694000 	C:\WINDOWS\system32\ole32.dll
0x00007ff92c7e0000 - 0x00007ff92dd08000 	C:\WINDOWS\system32\SHELL32.dll
0x00007ff92b6d0000 - 0x00007ff92b6f1000 	C:\WINDOWS\SYSTEM32\USERENV.dll
0x00007ff92de90000 - 0x00007ff92df3a000 	C:\WINDOWS\system32\ADVAPI32.dll
0x00007ff922c60000 - 0x00007ff922c7e000 	C:\WINDOWS\SYSTEM32\MPR.dll
0x00007ff92ed00000 - 0x00007ff92ee40000 	C:\WINDOWS\system32\RPCRT4.dll
0x00007ff92eca0000 - 0x00007ff92ecf9000 	C:\WINDOWS\SYSTEM32\sechost.dll
0x00007ff92e820000 - 0x00007ff92ea31000 	C:\WINDOWS\SYSTEM32\combase.dll
0x00007ff92e3a0000 - 0x00007ff92e4ef000 	C:\WINDOWS\system32\GDI32.dll
0x00007ff92c140000 - 0x00007ff92c155000 	C:\WINDOWS\SYSTEM32\profapi.dll
0x00007ff92a6e0000 - 0x00007ff92a792000 	C:\WINDOWS\SYSTEM32\SHCORE.dll
0x00007ff92dde0000 - 0x00007ff92de16000 	C:\WINDOWS\system32\IMM32.DLL
0x00007ff92df40000 - 0x00007ff92e092000 	C:\WINDOWS\system32\MSCTF.dll
0x00007ff92a0a0000 - 0x00007ff92a31b000 	C:\WINDOWS\WinSxS\amd64_microsoft.windows.common-controls_6595b64144ccf1df_6.0.9600.18006_none_623f33d3ecbe86e8\COMCTL32.dll
0x000000005bb00000 - 0x000000005bbd2000 	C:\Program Files\Java\jdk1.8.0_121\jre\bin\msvcr100.dll
0x000000005b260000 - 0x000000005bafb000 	C:\Program Files\Java\jdk1.8.0_121\jre\bin\server\jvm.dll
0x00007ff922810000 - 0x00007ff922819000 	C:\WINDOWS\SYSTEM32\WSOCK32.dll
0x00007ff921c90000 - 0x00007ff921cb2000 	C:\WINDOWS\SYSTEM32\WINMM.dll
0x00007ff924000000 - 0x00007ff92400a000 	C:\WINDOWS\SYSTEM32\VERSION.dll
0x00007ff92e4f0000 - 0x00007ff92e4f7000 	C:\WINDOWS\system32\PSAPI.DLL
0x00007ff92eb00000 - 0x00007ff92eb5a000 	C:\WINDOWS\system32\WS2_32.dll
0x00007ff921c60000 - 0x00007ff921c8a000 	C:\WINDOWS\SYSTEM32\WINMMBASE.dll
0x00007ff92de20000 - 0x00007ff92de29000 	C:\WINDOWS\system32\NSI.dll
0x00007ff92c210000 - 0x00007ff92c25f000 	C:\WINDOWS\SYSTEM32\cfgmgr32.dll
0x00007ff92af80000 - 0x00007ff92afa8000 	C:\WINDOWS\SYSTEM32\DEVOBJ.dll
0x000000005b250000 - 0x000000005b25f000 	C:\Program Files\Java\jdk1.8.0_121\jre\bin\verify.dll
0x000000005b220000 - 0x000000005b249000 	C:\Program Files\Java\jdk1.8.0_121\jre\bin\java.dll
0x000000005b200000 - 0x000000005b216000 	C:\Program Files\Java\jdk1.8.0_121\jre\bin\zip.dll

VM Arguments:
jvm_args: -Dmaven.home=EMBEDDED -Dclassworlds.conf=C:\Users\Giuliane\workspace2\.metadata\.plugins\org.eclipse.m2e.launching\launches\m2conf6941066868563528174.tmp -Dmaven.multiModuleProjectDirectory=C:\Users\Giuliane\workspace\semaphore\semaphore-service -Dfile.encoding=Cp1252 
java_command: org.codehaus.plexus.classworlds.launcher.Launcher -B clean install
java_class_path (initial): /C:/Users/Giuliane/Downloads/eclipse/plugins/org.eclipse.m2e.maven.runtime_1.7.0.20160603-1931/jars/plexus-classworlds-2.5.2.jar
Launcher Type: SUN_STANDARD

Environment Variables:
JAVA_HOME=C:\Program Files\Java\jdk1.8.0_121\jre
PATH=C:/Program Files/Java/jre1.8.0_121/bin/server;C:/Program Files/Java/jre1.8.0_121/bin;C:/Program Files/Java/jre1.8.0_121/lib/amd64;C:\ProgramData\Oracle\Java\javapath;C:\WINDOWS\system32;C:\WINDOWS;C:\WINDOWS\System32\Wbem;C:\WINDOWS\System32\WindowsPowerShell\v1.0\;C:\Program Files (x86)\Microsoft ASP.NET\ASP.NET Web Pages\v1.0\;C:\Program Files (x86)\Windows Kits\8.0\Windows Performance Toolkit\;C:\Program Files\Microsoft SQL Server\110\Tools\Binn\;C:\Program Files\Microsoft\Web Platform Installer\;C:\Program Files\Internet Explorer;C:\Program Files (x86)\Microsoft SQL Server\110\Tools\Binn\;C:\Program Files\Microsoft SQL Server\110\DTS\Binn\;C:\Program Files (x86)\Microsoft SQL Server\110\Tools\Binn\ManagementStudio\;C:\Program Files (x86)\Microsoft SQL Server\110\DTS\Binn\;C:\Program Files (x86)\Microsoft SDKs\TypeScript\1.0\;C:\Program Files\nodejs\;C:\Program Files (x86)\Skype\Phone\;C:\Program Files\Apache\apache-maven-3.3.9\bin;%JAVA_HOME%\bin;C:\Program Files (x86)\IDM Computer Solutions\UltraEdit\;C:\Users\Giuliane\AppData\Roaming\npm;C:\Users\Giuliane\Downloads\eclipse;
USERNAME=Giuliane
OS=Windows_NT
PROCESSOR_IDENTIFIER=Intel64 Family 6 Model 23 Stepping 10, GenuineIntel



---------------  S Y S T E M  ---------------

OS: Windows 8.1 , 64 bit Build 9600 (6.3.9600.17415)

CPU:total 2 (2 cores per cpu, 1 threads per core) family 6 model 23 stepping 10, cmov, cx8, fxsr, mmx, sse, sse2, sse3, ssse3, tsc

Memory: 4k page, physical 4155760k(579716k free), swap 4155760k(5136k free)

vm_info: Java HotSpot(TM) 64-Bit Server VM (25.121-b13) for windows-amd64 JRE (1.8.0_121-b13), built on Dec 12 2016 18:21:36 by "java_re" with MS VC++ 10.0 (VS2010)

time: Mon Mar 06 22:04:01 2017
elapsed time: 8 seconds (0d 0h 0m 8s)

