#
# There is insufficient memory for the Java Runtime Environment to continue.
# Native memory allocation (malloc) failed to allocate 32744 bytes for ChunkPool::allocate
# Possible reasons:
#   The system is out of physical RAM or swap space
#   In 32 bit mode, the process size limit was hit
# Possible solutions:
#   Reduce memory load on the system
#   Increase physical memory or swap space
#   Check if swap backing store is full
#   Use 64 bit Java on a 64 bit OS
#   Decrease Java heap size (-Xmx/-Xms)
#   Decrease number of Java threads
#   Decrease Java thread stack sizes (-Xss)
#   Set larger code cache with -XX:ReservedCodeCacheSize=
# This output file may be truncated or incomplete.
#
#  Out of Memory Error (allocation.cpp:273), pid=1876, tid=0x00000000000008e4
#
# JRE version: Java(TM) SE Runtime Environment (8.0_121-b13) (build 1.8.0_121-b13)
# Java VM: Java HotSpot(TM) 64-Bit Server VM (25.121-b13 mixed mode windows-amd64 compressed oops)
# Failed to write core dump. Minidumps are not enabled by default on client versions of Windows
#

---------------  T H R E A D  ---------------

Current thread (0x00000000148b0000):  JavaThread "C2 CompilerThread0" daemon [_thread_in_native, id=2276, stack(0x0000000015e90000,0x0000000015f90000)]

Stack: [0x0000000015e90000,0x0000000015f90000]
[error occurred during error reporting (printing stack bounds), id 0xc0000005]

Native frames: (J=compiled Java code, j=interpreted, Vv=VM code, C=native code)


Current CompileTask:
C2:  20998 3057       4       java.net.URLClassLoader$1::run (5 bytes)


---------------  P R O C E S S  ---------------

Java Threads: ( => current thread )
  0x0000000014911800 JavaThread "Service Thread" daemon [_thread_blocked, id=4680, stack(0x0000000016090000,0x0000000016190000)]
  0x000000001490c800 JavaThread "C1 CompilerThread1" daemon [_thread_blocked, id=4724, stack(0x0000000015f90000,0x0000000016090000)]
=>0x00000000148b0000 JavaThread "C2 CompilerThread0" daemon [_thread_in_native, id=2276, stack(0x0000000015e90000,0x0000000015f90000)]
  0x00000000148af000 JavaThread "JDWP Command Reader" daemon [_thread_in_native, id=4820, stack(0x0000000015d90000,0x0000000015e90000)]
  0x00000000148a3000 JavaThread "JDWP Event Helper Thread" daemon [_thread_blocked, id=3232, stack(0x0000000015c90000,0x0000000015d90000)]
  0x0000000014895800 JavaThread "JDWP Transport Listener: dt_socket" daemon [_thread_blocked, id=5044, stack(0x0000000015b90000,0x0000000015c90000)]
  0x000000001488c000 JavaThread "Attach Listener" daemon [_thread_blocked, id=3132, stack(0x00000000157b0000,0x00000000158b0000)]
  0x0000000014888800 JavaThread "Signal Dispatcher" daemon [_thread_blocked, id=972, stack(0x00000000156b0000,0x00000000157b0000)]
  0x0000000014878800 JavaThread "Finalizer" daemon [_thread_blocked, id=3300, stack(0x00000000154c0000,0x00000000155c0000)]
  0x000000000243d800 JavaThread "Reference Handler" daemon [_thread_blocked, id=2196, stack(0x00000000153c0000,0x00000000154c0000)]
  0x0000000002352800 JavaThread "main" [_thread_blocked, id=4632, stack(0x0000000002250000,0x0000000002350000)]

Other Threads:
  0x0000000014857000 VMThread [stack: 0x00000000152c0000,0x00000000153c0000] [id=2888]
  0x0000000016190800 WatcherThread [stack: 0x0000000016590000,0x0000000016690000] [id=3272]

VM state:at safepoint (normal execution)

VM Mutex/Monitor currently owned by a thread:  ([mutex/lock_event])
[0x0000000000a3dc80] Threads_lock - owner thread: 0x0000000014857000
[0x00000000023512d0] Heap_lock - owner thread: 0x0000000002352800

Heap:
 PSYoungGen      total 22016K, used 878K [0x00000000ead80000, 0x00000000ec980000, 0x0000000100000000)
  eden space 15872K, 0% used [0x00000000ead80000,0x00000000ead80000,0x00000000ebd00000)
  from space 6144K, 14% used [0x00000000ebd00000,0x00000000ebddbbd8,0x00000000ec300000)
  to   space 6144K, 0% used [0x00000000ec380000,0x00000000ec380000,0x00000000ec980000)
 ParOldGen       total 44032K, used 15061K [0x00000000c0800000, 0x00000000c3300000, 0x00000000ead80000)
  object space 44032K, 34% used [0x00000000c0800000,0x00000000c16b57d8,0x00000000c3300000)
 Metaspace       used 19541K, capacity 20008K, committed 20224K, reserved 1067008K
  class space    used 2373K, capacity 2520K, committed 2560K, reserved 1048576K

Card table byte_map: [0x0000000011810000,0x0000000011a10000] byte_map_base: 0x000000001120c000

Marking Bits: (ParMarkBitMap*) 0x000000005ba6b6d0
 Begin Bits: [0x0000000011d70000, 0x0000000012d50000)
 End Bits:   [0x0000000012d50000, 0x0000000013d30000)

Polling page: 0x0000000000a40000

CodeCache: size=245760Kb used=9779Kb max_used=11011Kb free=235980Kb
 bounds [0x0000000002450000, 0x0000000002f20000, 0x0000000011450000]
 total_blobs=3165 nmethods=2812 adapters=275
 compilation: enabled

Compilation events (10 events):
Event: 20.576 Thread 0x000000001490c800 3078       3       com.sun.tools.javac.util.List::<init> (15 bytes)
Event: 20.577 Thread 0x000000001490c800 nmethod 3078 0x00000000025e4e10 code [0x00000000025e4f80, 0x00000000025e51b0]
Event: 20.588 Thread 0x000000001490c800 3079       3       sun.misc.PerfCounter::getParentDelegationTime (4 bytes)
Event: 20.588 Thread 0x000000001490c800 nmethod 3079 0x0000000002786f50 code [0x00000000027870a0, 0x00000000027871d0]
Event: 20.588 Thread 0x000000001490c800 3080       3       sun.misc.PerfCounter::addTime (6 bytes)
Event: 20.588 Thread 0x000000001490c800 nmethod 3080 0x00000000025d3990 code [0x00000000025d3b40, 0x00000000025d4258]
Event: 20.588 Thread 0x000000001490c800 3081       3       sun.misc.PerfCounter::getFindClassTime (4 bytes)
Event: 20.589 Thread 0x000000001490c800 nmethod 3081 0x00000000028a69d0 code [0x00000000028a6b20, 0x00000000028a6c50]
Event: 20.589 Thread 0x000000001490c800 3082       3       sun.misc.PerfCounter::getFindClasses (4 bytes)
Event: 20.589 Thread 0x000000001490c800 nmethod 3082 0x000000000276f010 code [0x000000000276f160, 0x000000000276f290]

GC Heap History (10 events):
Event: 12.028 GC heap before
{Heap before GC invocations=6 (full 0):
 PSYoungGen      total 18944K, used 18912K [0x00000000ead80000, 0x00000000eca80000, 0x0000000100000000)
  eden space 16384K, 100% used [0x00000000ead80000,0x00000000ebd80000,0x00000000ebd80000)
  from space 2560K, 98% used [0x00000000ebd80000,0x00000000ebff8020,0x00000000ec000000)
  to   space 6656K, 0% used [0x00000000ec400000,0x00000000ec400000,0x00000000eca80000)
 ParOldGen       total 44032K, used 8059K [0x00000000c0800000, 0x00000000c3300000, 0x00000000ead80000)
  object space 44032K, 18% used [0x00000000c0800000,0x00000000c0fdef48,0x00000000c3300000)
 Metaspace       used 14969K, capacity 15246K, committed 15488K, reserved 1062912K
  class space    used 1810K, capacity 1911K, committed 1920K, reserved 1048576K
Event: 12.045 GC heap after
Heap after GC invocations=6 (full 0):
 PSYoungGen      total 22016K, used 4146K [0x00000000ead80000, 0x00000000ec980000, 0x0000000100000000)
  eden space 16384K, 0% used [0x00000000ead80000,0x00000000ead80000,0x00000000ebd80000)
  from space 5632K, 73% used [0x00000000ec400000,0x00000000ec80cb28,0x00000000ec980000)
  to   space 6144K, 0% used [0x00000000ebd80000,0x00000000ebd80000,0x00000000ec380000)
 ParOldGen       total 44032K, used 8059K [0x00000000c0800000, 0x00000000c3300000, 0x00000000ead80000)
  object space 44032K, 18% used [0x00000000c0800000,0x00000000c0fdef48,0x00000000c3300000)
 Metaspace       used 14969K, capacity 15246K, committed 15488K, reserved 1062912K
  class space    used 1810K, capacity 1911K, committed 1920K, reserved 1048576K
}
Event: 13.646 GC heap before
{Heap before GC invocations=7 (full 0):
 PSYoungGen      total 22016K, used 20530K [0x00000000ead80000, 0x00000000ec980000, 0x0000000100000000)
  eden space 16384K, 100% used [0x00000000ead80000,0x00000000ebd80000,0x00000000ebd80000)
  from space 5632K, 73% used [0x00000000ec400000,0x00000000ec80cb28,0x00000000ec980000)
  to   space 6144K, 0% used [0x00000000ebd80000,0x00000000ebd80000,0x00000000ec380000)
 ParOldGen       total 44032K, used 8059K [0x00000000c0800000, 0x00000000c3300000, 0x00000000ead80000)
  object space 44032K, 18% used [0x00000000c0800000,0x00000000c0fdef48,0x00000000c3300000)
 Metaspace       used 15055K, capacity 15310K, committed 15488K, reserved 1062912K
  class space    used 1812K, capacity 1911K, committed 1920K, reserved 1048576K
Event: 13.669 GC heap after
Heap after GC invocations=7 (full 0):
 PSYoungGen      total 22528K, used 4080K [0x00000000ead80000, 0x00000000ec980000, 0x0000000100000000)
  eden space 16384K, 0% used [0x00000000ead80000,0x00000000ead80000,0x00000000ebd80000)
  from space 6144K, 66% used [0x00000000ebd80000,0x00000000ec17c010,0x00000000ec380000)
  to   space 6144K, 0% used [0x00000000ec380000,0x00000000ec380000,0x00000000ec980000)
 ParOldGen       total 44032K, used 8851K [0x00000000c0800000, 0x00000000c3300000, 0x00000000ead80000)
  object space 44032K, 20% used [0x00000000c0800000,0x00000000c10a4f98,0x00000000c3300000)
 Metaspace       used 15055K, capacity 15310K, committed 15488K, reserved 1062912K
  class space    used 1812K, capacity 1911K, committed 1920K, reserved 1048576K
}
Event: 16.152 GC heap before
{Heap before GC invocations=8 (full 0):
 PSYoungGen      total 22528K, used 20464K [0x00000000ead80000, 0x00000000ec980000, 0x0000000100000000)
  eden space 16384K, 100% used [0x00000000ead80000,0x00000000ebd80000,0x00000000ebd80000)
  from space 6144K, 66% used [0x00000000ebd80000,0x00000000ec17c010,0x00000000ec380000)
  to   space 6144K, 0% used [0x00000000ec380000,0x00000000ec380000,0x00000000ec980000)
 ParOldGen       total 44032K, used 8851K [0x00000000c0800000, 0x00000000c3300000, 0x00000000ead80000)
  object space 44032K, 20% used [0x00000000c0800000,0x00000000c10a4f98,0x00000000c3300000)
 Metaspace       used 15696K, capacity 16006K, committed 16384K, reserved 1062912K
  class space    used 1881K, capacity 1951K, committed 2048K, reserved 1048576K
Event: 16.167 GC heap after
Heap after GC invocations=8 (full 0):
 PSYoungGen      total 21504K, used 4064K [0x00000000ead80000, 0x00000000ec880000, 0x0000000100000000)
  eden space 16384K, 0% used [0x00000000ead80000,0x00000000ead80000,0x00000000ebd80000)
  from space 5120K, 79% used [0x00000000ec380000,0x00000000ec778000,0x00000000ec880000)
  to   space 5632K, 0% used [0x00000000ebd80000,0x00000000ebd80000,0x00000000ec300000)
 ParOldGen       total 44032K, used 10053K [0x00000000c0800000, 0x00000000c3300000, 0x00000000ead80000)
  object space 44032K, 22% used [0x00000000c0800000,0x00000000c11d17c8,0x00000000c3300000)
 Metaspace       used 15696K, capacity 16006K, committed 16384K, reserved 1062912K
  class space    used 1881K, capacity 1951K, committed 2048K, reserved 1048576K
}
Event: 17.885 GC heap before
{Heap before GC invocations=9 (full 0):
 PSYoungGen      total 21504K, used 20448K [0x00000000ead80000, 0x00000000ec880000, 0x0000000100000000)
  eden space 16384K, 100% used [0x00000000ead80000,0x00000000ebd80000,0x00000000ebd80000)
  from space 5120K, 79% used [0x00000000ec380000,0x00000000ec778000,0x00000000ec880000)
  to   space 5632K, 0% used [0x00000000ebd80000,0x00000000ebd80000,0x00000000ec300000)
 ParOldGen       total 44032K, used 10053K [0x00000000c0800000, 0x00000000c3300000, 0x00000000ead80000)
  object space 44032K, 22% used [0x00000000c0800000,0x00000000c11d17c8,0x00000000c3300000)
 Metaspace       used 16086K, capacity 16478K, committed 16640K, reserved 1064960K
  class space    used 1912K, capacity 2023K, committed 2048K, reserved 1048576K
Event: 17.898 GC heap after
Heap after GC invocations=9 (full 0):
 PSYoungGen      total 22016K, used 3027K [0x00000000ead80000, 0x00000000ec880000, 0x0000000100000000)
  eden space 16384K, 0% used [0x00000000ead80000,0x00000000ead80000,0x00000000ebd80000)
  from space 5632K, 53% used [0x00000000ebd80000,0x00000000ec074fe0,0x00000000ec300000)
  to   space 5632K, 0% used [0x00000000ec300000,0x00000000ec300000,0x00000000ec880000)
 ParOldGen       total 44032K, used 11877K [0x00000000c0800000, 0x00000000c3300000, 0x00000000ead80000)
  object space 44032K, 26% used [0x00000000c0800000,0x00000000c13997d8,0x00000000c3300000)
 Metaspace       used 16086K, capacity 16478K, committed 16640K, reserved 1064960K
  class space    used 1912K, capacity 2023K, committed 2048K, reserved 1048576K
}
Event: 19.350 GC heap before
{Heap before GC invocations=10 (full 0):
 PSYoungGen      total 22016K, used 19411K [0x00000000ead80000, 0x00000000ec880000, 0x0000000100000000)
  eden space 16384K, 100% used [0x00000000ead80000,0x00000000ebd80000,0x00000000ebd80000)
  from space 5632K, 53% used [0x00000000ebd80000,0x00000000ec074fe0,0x00000000ec300000)
  to   space 5632K, 0% used [0x00000000ec300000,0x00000000ec300000,0x00000000ec880000)
 ParOldGen       total 44032K, used 11877K [0x00000000c0800000, 0x00000000c3300000, 0x00000000ead80000)
  object space 44032K, 26% used [0x00000000c0800000,0x00000000c13997d8,0x00000000c3300000)
 Metaspace       used 16442K, capacity 16916K, committed 17280K, reserved 1064960K
  class space    used 1933K, capacity 2064K, committed 2176K, reserved 1048576K
Event: 19.361 GC heap after
Heap after GC invocations=10 (full 0):
 PSYoungGen      total 21504K, used 1902K [0x00000000ead80000, 0x00000000ec980000, 0x0000000100000000)
  eden space 15872K, 0% used [0x00000000ead80000,0x00000000ead80000,0x00000000ebd00000)
  from space 5632K, 33% used [0x00000000ec300000,0x00000000ec4db848,0x00000000ec880000)
  to   space 6144K, 0% used [0x00000000ebd00000,0x00000000ebd00000,0x00000000ec300000)
 ParOldGen       total 44032K, used 13525K [0x00000000c0800000, 0x00000000c3300000, 0x00000000ead80000)
  object space 44032K, 30% used [0x00000000c0800000,0x00000000c15357d8,0x00000000c3300000)
 Metaspace       used 16442K, capacity 16916K, committed 17280K, reserved 1064960K
  class space    used 1933K, capacity 2064K, committed 2176K, reserved 1048576K
}

Deoptimization events (10 events):
Event: 20.925 Thread 0x0000000002352800 Uncommon trap: reason=unhandled action=none pc=0x0000000002abeb50 method=java.net.URLClassLoader.findClass(Ljava/lang/String;)Ljava/lang/Class; @ 44
Event: 20.925 Thread 0x0000000002352800 Uncommon trap: reason=unhandled action=none pc=0x0000000002abeb50 method=java.net.URLClassLoader.findClass(Ljava/lang/String;)Ljava/lang/Class; @ 44
Event: 20.926 Thread 0x0000000002352800 Uncommon trap: reason=unhandled action=none pc=0x0000000002abeb50 method=java.net.URLClassLoader.findClass(Ljava/lang/String;)Ljava/lang/Class; @ 44
Event: 20.927 Thread 0x0000000002352800 Uncommon trap: reason=unhandled action=none pc=0x0000000002abeb50 method=java.net.URLClassLoader.findClass(Ljava/lang/String;)Ljava/lang/Class; @ 44
Event: 20.929 Thread 0x0000000002352800 Uncommon trap: reason=unhandled action=none pc=0x0000000002abeb50 method=java.net.URLClassLoader.findClass(Ljava/lang/String;)Ljava/lang/Class; @ 44
Event: 20.929 Thread 0x0000000002352800 Uncommon trap: reason=unhandled action=none pc=0x0000000002abeb50 method=java.net.URLClassLoader.findClass(Ljava/lang/String;)Ljava/lang/Class; @ 44
Event: 20.931 Thread 0x0000000002352800 Uncommon trap: reason=unhandled action=none pc=0x0000000002abeb50 method=java.net.URLClassLoader.findClass(Ljava/lang/String;)Ljava/lang/Class; @ 44
Event: 20.931 Thread 0x0000000002352800 Uncommon trap: reason=unhandled action=none pc=0x0000000002abeb50 method=java.net.URLClassLoader.findClass(Ljava/lang/String;)Ljava/lang/Class; @ 44
Event: 20.932 Thread 0x0000000002352800 Uncommon trap: reason=unhandled action=none pc=0x0000000002abeb50 method=java.net.URLClassLoader.findClass(Ljava/lang/String;)Ljava/lang/Class; @ 44
Event: 20.933 Thread 0x0000000002352800 Uncommon trap: reason=unhandled action=none pc=0x0000000002abeb50 method=java.net.URLClassLoader.findClass(Ljava/lang/String;)Ljava/lang/Class; @ 44

Internal exceptions (10 events):
Event: 19.089 Thread 0x0000000002352800 Exception <a 'java/lang/ArrayIndexOutOfBoundsException': 81> (0x00000000ebb9b318) thrown at [C:\re\workspace\8-2-build-windows-amd64-cygwin\jdk8u121\8372\hotspot\src\share\vm\interpreter\interpreterRuntime.cpp, line 366]
Event: 19.089 Thread 0x0000000002352800 Exception <a 'java/lang/ArrayIndexOutOfBoundsException': 86> (0x00000000ebb9cbf0) thrown at [C:\re\workspace\8-2-build-windows-amd64-cygwin\jdk8u121\8372\hotspot\src\share\vm\interpreter\interpreterRuntime.cpp, line 366]
Event: 19.090 Thread 0x0000000002352800 Exception <a 'java/lang/ArrayIndexOutOfBoundsException': 100> (0x00000000ebb9e320) thrown at [C:\re\workspace\8-2-build-windows-amd64-cygwin\jdk8u121\8372\hotspot\src\share\vm\interpreter\interpreterRuntime.cpp, line 366]
Event: 19.090 Thread 0x0000000002352800 Exception <a 'java/lang/ArrayIndexOutOfBoundsException': 24> (0x00000000ebb9f058) thrown at [C:\re\workspace\8-2-build-windows-amd64-cygwin\jdk8u121\8372\hotspot\src\share\vm\interpreter\interpreterRuntime.cpp, line 366]
Event: 19.263 Thread 0x0000000002352800 Exception <a 'java/lang/ArrayIndexOutOfBoundsException': 37> (0x00000000ebc73f80) thrown at [C:\re\workspace\8-2-build-windows-amd64-cygwin\jdk8u121\8372\hotspot\src\share\vm\interpreter\interpreterRuntime.cpp, line 366]
Event: 19.264 Thread 0x0000000002352800 Exception <a 'java/lang/ArrayIndexOutOfBoundsException': 72> (0x00000000ebc753e0) thrown at [C:\re\workspace\8-2-build-windows-amd64-cygwin\jdk8u121\8372\hotspot\src\share\vm\interpreter\interpreterRuntime.cpp, line 366]
Event: 19.264 Thread 0x0000000002352800 Exception <a 'java/lang/ArrayIndexOutOfBoundsException': 83> (0x00000000ebc76cb0) thrown at [C:\re\workspace\8-2-build-windows-amd64-cygwin\jdk8u121\8372\hotspot\src\share\vm\interpreter\interpreterRuntime.cpp, line 366]
Event: 19.265 Thread 0x0000000002352800 Exception <a 'java/lang/ArrayIndexOutOfBoundsException': 83> (0x00000000ebc784a0) thrown at [C:\re\workspace\8-2-build-windows-amd64-cygwin\jdk8u121\8372\hotspot\src\share\vm\interpreter\interpreterRuntime.cpp, line 366]
Event: 19.347 Thread 0x0000000002352800 Implicit null exception at 0x0000000002e0ddeb to 0x0000000002e0fa2d
Event: 20.172 Thread 0x0000000002352800 Exception <a 'java/lang/ClassNotFoundException': com/sun/tools/javac/api/JavacTool> (0x00000000eaf07b60) thrown at [C:\re\workspace\8-2-build-windows-amd64-cygwin\jdk8u121\8372\hotspot\src\share\vm\classfile\systemDictionary.cpp, line 210]

Events (10 events):
Event: 20.932 Thread 0x0000000002352800 Uncommon trap: trap_request=0xffffffa7 fr.pc=0x0000000002abeb50
Event: 20.932 Thread 0x0000000002352800 DEOPT PACKING pc=0x0000000002abeb50 sp=0x000000000234b8c0
Event: 20.932 Thread 0x0000000002352800 DEOPT UNPACKING pc=0x000000000249556a sp=0x000000000234b858 mode 2
Event: 20.932 Thread 0x0000000002352800 DEOPT PACKING pc=0x000000000291739c sp=0x000000000234b900
Event: 20.932 Thread 0x0000000002352800 DEOPT UNPACKING pc=0x00000000024971bf sp=0x000000000234b670 mode 1
Event: 20.932 Thread 0x0000000002352800 DEOPT PACKING pc=0x0000000002917934 sp=0x000000000234b9e0
Event: 20.932 Thread 0x0000000002352800 DEOPT UNPACKING pc=0x00000000024971bf sp=0x000000000234b628 mode 1
Event: 20.933 Thread 0x0000000002352800 Uncommon trap: trap_request=0xffffffa7 fr.pc=0x0000000002abeb50
Event: 20.933 Thread 0x0000000002352800 DEOPT PACKING pc=0x0000000002abeb50 sp=0x000000000234b890
Event: 20.933 Thread 0x0000000002352800 DEOPT UNPACKING pc=0x000000000249556a sp=0x000000000234b838 mode 2


Dynamic libraries:
0x00007ff7ad560000 - 0x00007ff7ad597000 	C:\Program Files\Java\jdk1.8.0_121\bin\javaw.exe
0x00007ff92f020000 - 0x00007ff92f1cd000 	C:\WINDOWS\SYSTEM32\ntdll.dll
0x00007ff92c6a0000 - 0x00007ff92c7de000 	C:\WINDOWS\system32\KERNEL32.DLL
0x00007ff92c470000 - 0x00007ff92c585000 	C:\WINDOWS\system32\KERNELBASE.dll
0x00007ff92ad10000 - 0x00007ff92ad9e000 	C:\WINDOWS\system32\apphelp.dll
0x00007ff919650000 - 0x00007ff9196a3000 	C:\WINDOWS\AppPatch\AppPatch64\AcGenral.DLL
0x00007ff92e0a0000 - 0x00007ff92e14a000 	C:\WINDOWS\system32\msvcrt.dll
0x00007ff92c440000 - 0x00007ff92c46e000 	C:\WINDOWS\system32\SspiCli.dll
0x00007ff92de30000 - 0x00007ff92de84000 	C:\WINDOWS\system32\SHLWAPI.dll
0x00007ff92e6a0000 - 0x00007ff92e817000 	C:\WINDOWS\system32\USER32.dll
0x00007ff92e500000 - 0x00007ff92e694000 	C:\WINDOWS\system32\ole32.dll
0x00007ff92c7e0000 - 0x00007ff92dd08000 	C:\WINDOWS\system32\SHELL32.dll
0x00007ff92b6d0000 - 0x00007ff92b6f1000 	C:\WINDOWS\SYSTEM32\USERENV.dll
0x00007ff92de90000 - 0x00007ff92df3a000 	C:\WINDOWS\system32\ADVAPI32.dll
0x00007ff922c60000 - 0x00007ff922c7e000 	C:\WINDOWS\SYSTEM32\MPR.dll
0x00007ff92ed00000 - 0x00007ff92ee40000 	C:\WINDOWS\system32\RPCRT4.dll
0x00007ff92eca0000 - 0x00007ff92ecf9000 	C:\WINDOWS\SYSTEM32\sechost.dll
0x00007ff92e820000 - 0x00007ff92ea31000 	C:\WINDOWS\SYSTEM32\combase.dll
0x00007ff92e3a0000 - 0x00007ff92e4ef000 	C:\WINDOWS\system32\GDI32.dll
0x00007ff92c140000 - 0x00007ff92c155000 	C:\WINDOWS\SYSTEM32\profapi.dll
0x00007ff92a6e0000 - 0x00007ff92a792000 	C:\WINDOWS\SYSTEM32\SHCORE.dll
0x00007ff92dde0000 - 0x00007ff92de16000 	C:\WINDOWS\system32\IMM32.DLL
0x00007ff92df40000 - 0x00007ff92e092000 	C:\WINDOWS\system32\MSCTF.dll
0x00007ff92a0a0000 - 0x00007ff92a31b000 	C:\WINDOWS\WinSxS\amd64_microsoft.windows.common-controls_6595b64144ccf1df_6.0.9600.18006_none_623f33d3ecbe86e8\COMCTL32.dll
0x000000005baf0000 - 0x000000005bbc2000 	C:\Program Files\Java\jdk1.8.0_121\jre\bin\msvcr100.dll
0x000000005b250000 - 0x000000005baeb000 	C:\Program Files\Java\jdk1.8.0_121\jre\bin\server\jvm.dll
0x00007ff922810000 - 0x00007ff922819000 	C:\WINDOWS\SYSTEM32\WSOCK32.dll
0x00007ff921c90000 - 0x00007ff921cb2000 	C:\WINDOWS\SYSTEM32\WINMM.dll
0x00007ff924000000 - 0x00007ff92400a000 	C:\WINDOWS\SYSTEM32\VERSION.dll
0x00007ff92e4f0000 - 0x00007ff92e4f7000 	C:\WINDOWS\system32\PSAPI.DLL
0x00007ff92eb00000 - 0x00007ff92eb5a000 	C:\WINDOWS\system32\WS2_32.dll
0x00007ff921c60000 - 0x00007ff921c8a000 	C:\WINDOWS\SYSTEM32\WINMMBASE.dll
0x00007ff92de20000 - 0x00007ff92de29000 	C:\WINDOWS\system32\NSI.dll
0x00007ff92c210000 - 0x00007ff92c25f000 	C:\WINDOWS\SYSTEM32\cfgmgr32.dll
0x00007ff92af80000 - 0x00007ff92afa8000 	C:\WINDOWS\SYSTEM32\DEVOBJ.dll
0x000000005b240000 - 0x000000005b24f000 	C:\Program Files\Java\jdk1.8.0_121\jre\bin\verify.dll
0x000000005b210000 - 0x000000005b239000 	C:\Program Files\Java\jdk1.8.0_121\jre\bin\java.dll
0x000000005b120000 - 0x000000005b155000 	C:\Program Files\Java\jdk1.8.0_121\jre\bin\jdwp.dll
0x000000005b110000 - 0x000000005b118000 	C:\Program Files\Java\jdk1.8.0_121\jre\bin\npt.dll
0x000000005b1f0000 - 0x000000005b206000 	C:\Program Files\Java\jdk1.8.0_121\jre\bin\zip.dll
0x000000005b100000 - 0x000000005b109000 	C:\Program Files\Java\jdk1.8.0_121\jre\bin\dt_socket.dll
0x00007ff91cca0000 - 0x00007ff91ccb5000 	C:\WINDOWS\system32\napinsp.dll
0x00007ff91cc80000 - 0x00007ff91cc9a000 	C:\WINDOWS\system32\pnrpnsp.dll
0x00007ff927ee0000 - 0x00007ff927efb000 	C:\WINDOWS\system32\NLAapi.dll
0x00007ff92b940000 - 0x00007ff92b999000 	C:\WINDOWS\System32\mswsock.dll
0x00007ff92b740000 - 0x00007ff92b7e4000 	C:\WINDOWS\SYSTEM32\DNSAPI.dll
0x00007ff929c50000 - 0x00007ff929c5d000 	C:\WINDOWS\System32\winrnr.dll
0x00007ff927990000 - 0x00007ff9279fb000 	C:\WINDOWS\System32\fwpuclnt.dll
0x00007ff926d50000 - 0x00007ff926d5a000 	C:\Windows\System32\rasadhlp.dll
0x000000005b1c0000 - 0x000000005b1da000 	C:\Program Files\Java\jdk1.8.0_121\jre\bin\net.dll
0x000000005b1a0000 - 0x000000005b1b1000 	C:\Program Files\Java\jdk1.8.0_121\jre\bin\nio.dll

VM Arguments:
jvm_args: -agentlib:jdwp=transport=dt_socket,suspend=y,address=localhost:50448 -Dmaven.home=EMBEDDED -Dclassworlds.conf=C:\Users\Giuliane\workspace2\.metadata\.plugins\org.eclipse.m2e.launching\launches\m2conf4271494406260977630.tmp -Dmaven.multiModuleProjectDirectory=C:\Users\Giuliane\workspace\semaphore\semaphore-service -Dfile.encoding=Cp1252 
java_command: org.codehaus.plexus.classworlds.launcher.Launcher -B clean install
java_class_path (initial): /C:/Users/Giuliane/Downloads/eclipse/plugins/org.eclipse.m2e.maven.runtime_1.7.0.20160603-1931/jars/plexus-classworlds-2.5.2.jar
Launcher Type: SUN_STANDARD

Environment Variables:
JAVA_HOME=C:\Program Files\Java\jdk1.8.0_121\jre
PATH=C:\Program Files\Java\jdk1.8.0_121\jre\bin;C:/Program Files/Java/jre1.8.0_121/bin/server;C:/Program Files/Java/jre1.8.0_121/bin;C:/Program Files/Java/jre1.8.0_121/lib/amd64;C:\ProgramData\Oracle\Java\javapath;C:\WINDOWS\system32;C:\WINDOWS;C:\WINDOWS\System32\Wbem;C:\WINDOWS\System32\WindowsPowerShell\v1.0\;C:\Program Files (x86)\Microsoft ASP.NET\ASP.NET Web Pages\v1.0\;C:\Program Files (x86)\Windows Kits\8.0\Windows Performance Toolkit\;C:\Program Files\Microsoft SQL Server\110\Tools\Binn\;C:\Program Files\Microsoft\Web Platform Installer\;C:\Program Files\Internet Explorer;C:\Program Files (x86)\Microsoft SQL Server\110\Tools\Binn\;C:\Program Files\Microsoft SQL Server\110\DTS\Binn\;C:\Program Files (x86)\Microsoft SQL Server\110\Tools\Binn\ManagementStudio\;C:\Program Files (x86)\Microsoft SQL Server\110\DTS\Binn\;C:\Program Files (x86)\Microsoft SDKs\TypeScript\1.0\;C:\Program Files\nodejs\;C:\Program Files (x86)\Skype\Phone\;C:\Program Files\Apache\apache-maven-3.3.9\bin;%JAVA_HOME%\bin;C:\Program Files (x86)\IDM Computer Solutions\UltraEdit\;C:\Users\Giuliane\AppData\Roaming\npm;C:\Users\Giuliane\Downloads\eclipse;
USERNAME=Giuliane
OS=Windows_NT
PROCESSOR_IDENTIFIER=Intel64 Family 6 Model 23 Stepping 10, GenuineIntel



---------------  S Y S T E M  ---------------

OS: Windows 8.1 , 64 bit Build 9600 (6.3.9600.17415)

CPU:total 2 (2 cores per cpu, 1 threads per core) family 6 model 23 stepping 10, cmov, cx8, fxsr, mmx, sse, sse2, sse3, ssse3, tsc

Memory: 4k page, physical 4155760k(441836k free), swap 4155760k(5080k free)

vm_info: Java HotSpot(TM) 64-Bit Server VM (25.121-b13) for windows-amd64 JRE (1.8.0_121-b13), built on Dec 12 2016 18:21:36 by "java_re" with MS VC++ 10.0 (VS2010)

time: Mon Mar 06 22:42:10 2017
elapsed time: 21 seconds (0d 0h 0m 21s)

